<?xml version="1.0" encoding="UTF-8"?>
<testsuite name="com.expandtesting.tests.RandomDataTest" tests="1" skipped="0" failures="0" errors="0" timestamp="2025-05-29T00:28:33.639Z" hostname="null" time="5.498">
  <properties/>
  <testcase name="testRandomDataInput()" classname="com.expandtesting.tests.RandomDataTest" time="5.498"/>
  <system-out><![CDATA[Text input field is visible and clickable.
Random data input performed successfully.
]]></system-out>
  <system-err><![CDATA[May 29, 2025 2:28:34 AM org.openqa.selenium.devtools.CdpVersionFinder findNearestMatch
WARNING: Unable to find CDP implementation matching 137
May 29, 2025 2:28:34 AM org.openqa.selenium.chromium.ChromiumDriver lambda$new$5
WARNING: Unable to find version of CDP to use for 137.0.7151.55. You may need to include a dependency on a specific version of the CDP using something similar to `org.seleniumhq.selenium:selenium-devtools-v86:4.12.0` where the version ("v86") matches the version of the chromium-based browser you're using and the version number of the artifact is the same as Selenium's.
]]></system-err>
</testsuite>
